<?xml version="1.0" encoding="UTF-8"?>
<robot generator="Robot 4.0.3 (Python 3.9.2 on win32)" generated="20210624 22:00:48.810" rpa="false" schemaversion="2">
<suite id="s1" name="TestOpenGooglePage" source="C:\Automation script\7 Test Open Google Page with Robot Framework\TestOpenGooglePage.robot">
<test id="s1-t1" name="User can open page">
<kw name="Open Browser" library="Selenium2Library">
<arg>${URL}</arg>
<arg>${BROWSER}</arg>
<doc>Opens a new browser instance to the optional ``url``.</doc>
<msg timestamp="20210624 22:00:49.046" level="INFO">Opening browser 'chrome' to base url 'https://www.google.com'.</msg>
<status status="PASS" starttime="20210624 22:00:49.045" endtime="20210624 22:00:54.307"/>
</kw>
<kw name="Wait Until Page Contains" library="Selenium2Library">
<arg>${url}</arg>
<doc>Waits until ``text`` appears on the current page.</doc>
<status status="PASS" starttime="20210624 22:00:54.308" endtime="20210624 22:00:54.326"/>
</kw>
<kw name="Close Browser" library="Selenium2Library">
<doc>Closes the current browser.</doc>
<status status="PASS" starttime="20210624 22:00:54.327" endtime="20210624 22:00:56.670"/>
</kw>
<doc>As a user I can open the google page</doc>
<status status="PASS" starttime="20210624 22:00:49.045" endtime="20210624 22:00:56.671"/>
</test>
<doc>This is a basic test by Risyad Abdala Ramadhan</doc>
<status status="PASS" starttime="20210624 22:00:48.812" endtime="20210624 22:00:56.673"/>
</suite>
<statistics>
<total>
<stat pass="1" fail="0" skip="0">All Tests</stat>
</total>
<tag>
</tag>
<suite>
<stat pass="1" fail="0" skip="0" id="s1" name="TestOpenGooglePage">TestOpenGooglePage</stat>
</suite>
</statistics>
<errors>
</errors>
</robot>
